<?xml version="1.0" encoding="UTF-8"?>
<testsuite name="cn.edu.xaut.hydro.evaluation.TestAnalyticalHierarchyProcess" tests="1" skipped="0" failures="0" errors="0" timestamp="2020-06-02T03:15:21" hostname="DESKTOP-E2G9EUK" time="4.168">
  <properties/>
  <testcase name="ahpWeightTest" classname="cn.edu.xaut.hydro.evaluation.TestAnalyticalHierarchyProcess" time="4.168"/>
  <system-out><![CDATA[Pass the consistency check
Pass the consistency check
Pass the consistency check
Pass the consistency check
Pass the consistency check
Pass the consistency check
w = 
[[    0.2623], 
 [    0.4744], 
 [    0.0545], 
 [    0.0985], 
 [    0.1103]]
w1 = 
[[    0.5949], 
 [    0.2766], 
 [    0.1285]]
w2 = 
[[    0.0820], 
 [    0.2364], 
 [    0.6816]]
w3 = 
[[    0.4286], 
 [    0.4286], 
 [    0.1429]]
w4 = 
[[    0.6327], 
 [    0.1924], 
 [    0.1749]]
w5 = 
[[    0.1667], 
 [    0.1667], 
 [    0.6667]]
[[    0.2623,    0.4744,    0.0545,    0.0985,    0.1103]]
[[    0.5949,    0.2766,    0.1285], 
 [    0.0820,    0.2364,    0.6816], 
 [    0.4286,    0.4286,    0.1429], 
 [    0.6327,    0.1924,    0.1749], 
 [    0.1667,    0.1667,    0.6667]]
]]></system-out>
  <system-err><![CDATA[###########
%%%%%%%%%%%%%%%%%%%%%%
[[    0.2990,    0.2454,    0.4556]]
]]></system-err>
</testsuite>
